\BOOKMARK [1][-]{section.1}{\376\377\000I\000n\000t\000r\000o\000d\000u\000c\000t\000i\000o\000n}{}% 1
\BOOKMARK [1][-]{section.2}{\376\377\000B\000a\000c\000k\000g\000r\000o\000u\000n\000d}{}% 2
\BOOKMARK [2][-]{subsection.2.1}{\376\377\000T\000h\000e\000\040\000a\000d\000i\000a\000b\000a\000t\000i\000c\000\040\000a\000p\000p\000r\000o\000x\000i\000m\000a\000t\000i\000o\000n}{section.2}% 3
\BOOKMARK [2][-]{subsection.2.2}{\376\377\000T\000h\000e\000\040\000g\000e\000o\000m\000e\000t\000r\000i\000c\000\040\000p\000h\000a\000s\000e}{section.2}% 4
\BOOKMARK [2][-]{subsection.2.3}{\376\377\000R\000e\000g\000a\000r\000d\000i\000n\000g\000\040\000t\000h\000e\000\040\000m\000o\000n\000o\000p\000o\000l\000e\000s}{section.2}% 5
\BOOKMARK [1][-]{section.3}{\376\377\000S\000y\000s\000t\000e\000m\000\040\000d\000e\000s\000c\000r\000i\000p\000t\000i\000o\000n}{}% 6
\BOOKMARK [2][-]{subsection.3.1}{\376\377\000C\000o\000o\000r\000d\000i\000n\000a\000t\000e\000s\000\040\000a\000n\000d\000\040\000q\000u\000a\000n\000t\000i\000t\000i\000e\000s}{section.3}% 7
\BOOKMARK [2][-]{subsection.3.2}{\376\377\000T\000h\000e\000\040\000H\000a\000m\000i\000l\000t\000o\000n\000i\000a\000n}{section.3}% 8
\BOOKMARK [2][-]{subsection.3.3}{\376\377\000E\000f\000f\000e\000c\000t\000i\000v\000e\000\040\000m\000a\000s\000s}{section.3}% 9
\BOOKMARK [2][-]{subsection.3.4}{\376\377\000R\000o\000t\000a\000t\000i\000o\000n\000\040\000m\000a\000t\000r\000i\000c\000e\000s}{section.3}% 10
\BOOKMARK [1][-]{section.4}{\376\377\000T\000h\000e\000\040\000B\000o\000r\000n\000-\000O\000p\000p\000e\000n\000h\000e\000i\000m\000e\000r\000\040\000a\000p\000p\000r\000o\000x\000i\000m\000a\000t\000i\000o\000n}{}% 11
\BOOKMARK [2][-]{subsection.4.1}{\376\377\000D\000e\000r\000i\000v\000a\000t\000i\000o\000n}{section.4}% 12
\BOOKMARK [2][-]{subsection.4.2}{\376\377\000I\000n\000t\000e\000r\000p\000r\000e\000t\000a\000t\000i\000o\000n}{section.4}% 13
\BOOKMARK [2][-]{subsection.4.3}{\376\377\000D\000y\000n\000a\000m\000i\000c\000s}{section.4}% 14
\BOOKMARK [2][-]{subsection.4.4}{\376\377\000D\000i\000f\000f\000e\000r\000e\000n\000t\000i\000a\000t\000i\000o\000n\000\040\000o\000f\000\040\000t\000h\000e\000\040\000H\000a\000m\000i\000l\000t\000o\000n\000i\000a\000n}{section.4}% 15
\BOOKMARK [2][-]{subsection.4.5}{\376\377\000S\000o\000l\000u\000t\000i\000o\000n\000\040\000o\000f\000\040\000t\000h\000e\000\040\000f\000a\000s\000t\000\040\000s\000u\000b\000s\000y\000s\000t\000e\000m}{section.4}% 16
\BOOKMARK [1][-]{section.5}{\376\377\000S\000i\000m\000u\000l\000a\000t\000i\000o\000n}{}% 17
\BOOKMARK [2][-]{subsection.5.1}{\376\377\000T\000h\000e\000\040\000c\000h\000o\000s\000e\000n\000\040\000f\000i\000e\000l\000d}{section.5}% 18
\BOOKMARK [2][-]{subsection.5.2}{\376\377\000C\000o\000d\000e\000\040\000o\000u\000t\000l\000i\000n\000e}{section.5}% 19
\BOOKMARK [1][-]{section.6}{\376\377\000R\000e\000s\000u\000l\000t\000s}{}% 20
\BOOKMARK [2][-]{subsection.6.1}{\376\377\000T\000h\000e\000\040\000m\000i\000d\000d\000l\000e\000\040\000s\000t\000a\000t\000e}{section.6}% 21
\BOOKMARK [2][-]{subsection.6.2}{\376\377\000T\000h\000e\000\040\000h\000i\000g\000h\000\040\000e\000n\000e\000r\000g\000y\000\040\000s\000t\000a\000t\000e}{section.6}% 22
\BOOKMARK [1][-]{section.7}{\376\377\000D\000i\000s\000c\000u\000s\000s\000i\000o\000n}{}% 23
\BOOKMARK [2][-]{subsection.7.1}{\376\377\000O\000n\000\040\000t\000h\000e\000\040\000n\000o\000n\000s\000y\000n\000t\000h\000e\000t\000i\000c\000\040\000b\000e\000h\000a\000v\000i\000o\000u\000r\000\040\000o\000f\000\040\000t\000h\000e\000\040\000e\000i\000g\000e\000n\000s\000t\000a\000t\000e\000s}{section.7}% 24
\BOOKMARK [2][-]{subsection.7.2}{\376\377\000O\000n\000\040\000t\000h\000e\000\040\000t\000o\000p\000i\000c\000\040\000o\000f\000\040\000m\000a\000s\000s}{section.7}% 25
\BOOKMARK [2][-]{subsection.7.3}{\376\377\000O\000n\000\040\000t\000h\000e\000\040\000t\000o\000p\000i\000c\000\040\000o\000f\000\040\000m\000o\000n\000o\000p\000o\000l\000e\000s}{section.7}% 26
\BOOKMARK [2][-]{subsection.7.4}{\376\377\000N\000u\000m\000e\000r\000i\000c\000a\000l\000\040\000l\000i\000m\000i\000t\000a\000t\000i\000o\000n\000s}{section.7}% 27
\BOOKMARK [1][-]{section.8}{\376\377\000C\000o\000n\000c\000l\000u\000s\000i\000o\000n\000s}{}% 28
\BOOKMARK [1][-]{section*.15}{\376\377\000R\000e\000f\000e\000r\000e\000n\000c\000e\000s}{}% 29
\BOOKMARK [1][-]{appendix.A}{\376\377\000C\000o\000d\000e}{}% 30
\BOOKMARK [2][-]{subsection.A.1}{\376\377\000m\000a\000g\000f\000i\000e\000l\000d\000.\000p\000y}{appendix.A}% 31
\BOOKMARK [2][-]{subsection.A.2}{\376\377\000s\000y\000n\000f\000i\000e\000l\000d\000t\000o\000o\000l\000s\000.\000p\000y}{appendix.A}% 32
\BOOKMARK [2][-]{subsection.A.3}{\376\377\000s\000y\000n\000f\000i\000e\000l\000d\000s\000o\000l\000v\000e\000r\000.\000p\000y}{appendix.A}% 33
