This is pdfTeX, Version 3.141592653-2.6-1.40.23 (TeX Live 2021/Arch Linux) (preloaded format=pdflatex 2022.4.19)  13 MAY 2022 12:04
entering extended mode
 restricted \write18 enabled.
 file:line:error style messages enabled.
 %&-line parsing enabled.
**main.tex
(./main.tex
LaTeX2e <2021-11-15> patch level 1
L3 programming layer <2022-02-24> (/usr/share/texmf-dist/tex/latex/base/article.cls
Document Class: article 2021/10/04 v1.4n Standard LaTeX document class
(/usr/share/texmf-dist/tex/latex/base/size10.clo
File: size10.clo 2021/10/04 v1.4n Standard LaTeX file (size option)
)
\c@part=\count185
\c@section=\count186
\c@subsection=\count187
\c@subsubsection=\count188
\c@paragraph=\count189
\c@subparagraph=\count190
\c@figure=\count191
\c@table=\count192
\abovecaptionskip=\skip47
\belowcaptionskip=\skip48
\bibindent=\dimen138
) (/usr/share/texmf-dist/tex/latex/base/inputenc.sty
Package: inputenc 2021/02/14 v1.3d Input encoding file
\inpenc@prehook=\toks16
\inpenc@posthook=\toks17
) (/usr/share/texmf-dist/tex/latex/base/fontenc.sty
Package: fontenc 2021/04/29 v2.0v Standard LaTeX package
) (/usr/share/texmf-dist/tex/latex/base/textcomp.sty
Package: textcomp 2020/02/02 v2.0n Standard LaTeX package
) (/usr/share/texmf-dist/tex/generic/babel/babel.sty
Package: babel 2022/02/26 3.73 The Babel package
\babel@savecnt=\count193
\U@D=\dimen139
\l@unhyphenated=\language87
 (/usr/share/texmf-dist/tex/generic/babel/txtbabel.def)
\bbl@readstream=\read2
\bbl@dirlevel=\count194
 (/usr/share/texmf-dist/tex/generic/babel-swedish/swedish.ldf
Language: swedish 2021/02/06 v2.3e Swedish support from the babel system
Package babel Info: Making " an active character on input line 90.
) (/usr/share/texmf-dist/tex/generic/babel-english/english.ldf
Language: english 2017/06/06 v3.3r English support from the babel system
Package babel Info: Hyphen rules for 'canadian' set to \l@english
(babel)             (\language0). Reported on input line 102.
Package babel Info: Hyphen rules for 'australian' set to \l@ukenglish
(babel)             (\language21). Reported on input line 105.
Package babel Info: Hyphen rules for 'newzealand' set to \l@ukenglish
(babel)             (\language21). Reported on input line 108.
)) (/usr/share/texmf-dist/tex/latex/amsmath/amsmath.sty
Package: amsmath 2021/10/15 v2.17l AMS math features
\@mathmargin=\skip49

For additional information on amsmath, use the `?' option.
(/usr/share/texmf-dist/tex/latex/amsmath/amstext.sty
Package: amstext 2021/08/26 v2.01 AMS text
 (/usr/share/texmf-dist/tex/latex/amsmath/amsgen.sty
File: amsgen.sty 1999/11/30 v2.0 generic functions
\@emptytoks=\toks18
\ex@=\dimen140
)) (/usr/share/texmf-dist/tex/latex/amsmath/amsbsy.sty
Package: amsbsy 1999/11/29 v1.2d Bold Symbols
\pmbraise@=\dimen141
) (/usr/share/texmf-dist/tex/latex/amsmath/amsopn.sty
Package: amsopn 2021/08/26 v2.02 operator names
)
\inf@bad=\count195
LaTeX Info: Redefining \frac on input line 234.
\uproot@=\count196
\leftroot@=\count197
LaTeX Info: Redefining \overline on input line 399.
\classnum@=\count198
\DOTSCASE@=\count199
LaTeX Info: Redefining \ldots on input line 496.
LaTeX Info: Redefining \dots on input line 499.
LaTeX Info: Redefining \cdots on input line 620.
\Mathstrutbox@=\box50
\strutbox@=\box51
\big@size=\dimen142
LaTeX Font Info:    Redeclaring font encoding OML on input line 743.
LaTeX Font Info:    Redeclaring font encoding OMS on input line 744.
\macc@depth=\count266
\c@MaxMatrixCols=\count267
\dotsspace@=\muskip16
\c@parentequation=\count268
\dspbrk@lvl=\count269
\tag@help=\toks19
\row@=\count270
\column@=\count271
\maxfields@=\count272
\andhelp@=\toks20
\eqnshift@=\dimen143
\alignsep@=\dimen144
\tagshift@=\dimen145
\tagwidth@=\dimen146
\totwidth@=\dimen147
\lineht@=\dimen148
\@envbody=\toks21
\multlinegap=\skip50
\multlinetaggap=\skip51
\mathdisplay@stack=\toks22
LaTeX Info: Redefining \[ on input line 2938.
LaTeX Info: Redefining \] on input line 2939.
) (/usr/share/texmf-dist/tex/latex/amsfonts/amssymb.sty
Package: amssymb 2013/01/14 v3.01 AMS font symbols
 (/usr/share/texmf-dist/tex/latex/amsfonts/amsfonts.sty
Package: amsfonts 2013/01/14 v3.01 Basic AMSFonts support
\symAMSa=\mathgroup4
\symAMSb=\mathgroup5
LaTeX Font Info:    Redeclaring math symbol \hbar on input line 98.
LaTeX Font Info:    Overwriting math alphabet `\mathfrak' in version `bold'
(Font)                  U/euf/m/n --> U/euf/b/n on input line 106.
)) (/usr/share/texmf-dist/tex/latex/physics/physics.sty
Package: physics 
 (/usr/share/texmf-dist/tex/latex/l3packages/xparse/xparse.sty (/usr/share/texmf-dist/tex/latex/l3kernel/expl3.sty
Package: expl3 2022-02-24 L3 programming layer (loader) 
 (/usr/share/texmf-dist/tex/latex/l3backend/l3backend-pdftex.def
File: l3backend-pdftex.def 2022-02-07 L3 backend support: PDF output (pdfTeX)
\l__color_backend_stack_int=\count273
\l__pdf_internal_box=\box52
))
Package: xparse 2022-01-12 L3 Experimental document command parser
)) (/usr/share/texmf-dist/tex/latex/pdfpages/pdfpages.sty
Package: pdfpages 2022/01/29 v0.5u Insert pages of external PDF documents (AM)
 (/usr/share/texmf-dist/tex/latex/base/ifthen.sty
Package: ifthen 2020/11/24 v1.1c Standard LaTeX ifthen package (DPC)
) (/usr/share/texmf-dist/tex/latex/tools/calc.sty
Package: calc 2017/05/25 v4.3 Infix arithmetic (KKT,FJ)
\calc@Acount=\count274
\calc@Bcount=\count275
\calc@Adimen=\dimen149
\calc@Bdimen=\dimen150
\calc@Askip=\skip52
\calc@Bskip=\skip53
LaTeX Info: Redefining \setlength on input line 80.
LaTeX Info: Redefining \addtolength on input line 81.
\calc@Ccount=\count276
\calc@Cskip=\skip54
) (/usr/share/texmf-dist/tex/latex/eso-pic/eso-pic.sty
Package: eso-pic 2020/10/14 v3.0a eso-pic (RN)
\ESO@tempdima=\dimen151
\ESO@tempdimb=\dimen152
 (/usr/share/texmf-dist/tex/latex/graphics/keyval.sty
Package: keyval 2014/10/28 v1.15 key=value parser (DPC)
\KV@toks@=\toks23
) (/usr/share/texmf-dist/tex/latex/xcolor/xcolor.sty
Package: xcolor 2021/10/31 v2.13 LaTeX color extensions (UK)
 (/usr/share/texmf-dist/tex/latex/graphics-cfg/color.cfg
File: color.cfg 2016/01/02 v1.6 sample color configuration
)
Package xcolor Info: Driver file: pdftex.def on input line 227.
 (/usr/share/texmf-dist/tex/latex/graphics-def/pdftex.def
File: pdftex.def 2020/10/05 v1.2a Graphics/color driver for pdftex
)
Package xcolor Info: Model `cmy' substituted by `cmy0' on input line 1352.
Package xcolor Info: Model `hsb' substituted by `rgb' on input line 1356.
Package xcolor Info: Model `RGB' extended on input line 1368.
Package xcolor Info: Model `HTML' substituted by `rgb' on input line 1370.
Package xcolor Info: Model `Hsb' substituted by `hsb' on input line 1371.
Package xcolor Info: Model `tHsb' substituted by `hsb' on input line 1372.
Package xcolor Info: Model `HSB' substituted by `hsb' on input line 1373.
Package xcolor Info: Model `Gray' substituted by `gray' on input line 1374.
Package xcolor Info: Model `wave' substituted by `hsb' on input line 1375.
)) (/usr/share/texmf-dist/tex/latex/graphics/graphicx.sty
Package: graphicx 2021/09/16 v1.2d Enhanced LaTeX Graphics (DPC,SPQR)
 (/usr/share/texmf-dist/tex/latex/graphics/graphics.sty
Package: graphics 2021/03/04 v1.4d Standard LaTeX Graphics (DPC,SPQR)
 (/usr/share/texmf-dist/tex/latex/graphics/trig.sty
Package: trig 2021/08/11 v1.11 sin cos tan (DPC)
) (/usr/share/texmf-dist/tex/latex/graphics-cfg/graphics.cfg
File: graphics.cfg 2016/06/04 v1.11 sample graphics configuration
)
Package graphics Info: Driver file: pdftex.def on input line 107.
)
\Gin@req@height=\dimen153
\Gin@req@width=\dimen154
)
\AM@pagewidth=\dimen155
\AM@pageheight=\dimen156
\AM@fboxrule=\dimen157
 (/usr/share/texmf-dist/tex/latex/pdfpages/pppdftex.def
File: pppdftex.def 2022/01/29 v0.5u Pdfpages driver for pdfTeX (AM)
)
\pdfpages@includegraphics@status=\count277
\AM@pagebox=\box53
\AM@global@opts=\toks24
\AM@pagecnt=\count278
\AM@toc@title=\toks25
\c@AM@survey=\count279
\AM@templatesizebox=\box54
) (/usr/share/texmf-dist/tex/latex/hyperref/hyperref.sty
Package: hyperref 2022-02-21 v7.00n Hypertext links for LaTeX
 (/usr/share/texmf-dist/tex/generic/ltxcmds/ltxcmds.sty
Package: ltxcmds 2020-05-10 v1.25 LaTeX kernel commands for general use (HO)
) (/usr/share/texmf-dist/tex/generic/iftex/iftex.sty
Package: iftex 2022/02/03 v1.0f TeX engine tests
) (/usr/share/texmf-dist/tex/generic/pdftexcmds/pdftexcmds.sty
Package: pdftexcmds 2020-06-27 v0.33 Utility functions of pdfTeX for LuaTeX (HO)
 (/usr/share/texmf-dist/tex/generic/infwarerr/infwarerr.sty
Package: infwarerr 2019/12/03 v1.5 Providing info/warning/error messages (HO)
)
Package pdftexcmds Info: \pdf@primitive is available.
Package pdftexcmds Info: \pdf@ifprimitive is available.
Package pdftexcmds Info: \pdfdraftmode found.
) (/usr/share/texmf-dist/tex/generic/kvsetkeys/kvsetkeys.sty
Package: kvsetkeys 2019/12/15 v1.18 Key value parser (HO)
) (/usr/share/texmf-dist/tex/generic/kvdefinekeys/kvdefinekeys.sty
Package: kvdefinekeys 2019-12-19 v1.6 Define keys (HO)
) (/usr/share/texmf-dist/tex/generic/pdfescape/pdfescape.sty
Package: pdfescape 2019/12/09 v1.15 Implements pdfTeX's escape features (HO)
) (/usr/share/texmf-dist/tex/latex/hycolor/hycolor.sty
Package: hycolor 2020-01-27 v1.10 Color options for hyperref/bookmark (HO)
) (/usr/share/texmf-dist/tex/latex/letltxmacro/letltxmacro.sty
Package: letltxmacro 2019/12/03 v1.6 Let assignment for LaTeX macros (HO)
) (/usr/share/texmf-dist/tex/latex/auxhook/auxhook.sty
Package: auxhook 2019-12-17 v1.6 Hooks for auxiliary files (HO)
) (/usr/share/texmf-dist/tex/latex/kvoptions/kvoptions.sty
Package: kvoptions 2020-10-07 v3.14 Key value format for package options (HO)
)
\@linkdim=\dimen158
\Hy@linkcounter=\count280
\Hy@pagecounter=\count281

(/usr/share/texmf-dist/tex/latex/hyperref/pd1enc.def
File: pd1enc.def 2022-02-21 v7.00n Hyperref: PDFDocEncoding definition (HO)
Now handling font encoding PD1 ...
... no UTF-8 mapping file for font encoding PD1
) (/usr/share/texmf-dist/tex/generic/intcalc/intcalc.sty
Package: intcalc 2019/12/15 v1.3 Expandable calculations with integers (HO)
) (/usr/share/texmf-dist/tex/generic/etexcmds/etexcmds.sty
Package: etexcmds 2019/12/15 v1.7 Avoid name clashes with e-TeX commands (HO)
)
\Hy@SavedSpaceFactor=\count282
 (/usr/share/texmf-dist/tex/latex/hyperref/puenc.def
File: puenc.def 2022-02-21 v7.00n Hyperref: PDF Unicode definition (HO)
Now handling font encoding PU ...
... no UTF-8 mapping file for font encoding PU
)
Package hyperref Info: Hyper figures OFF on input line 4137.
Package hyperref Info: Link nesting OFF on input line 4142.
Package hyperref Info: Hyper index ON on input line 4145.
Package hyperref Info: Plain pages OFF on input line 4152.
Package hyperref Info: Backreferencing OFF on input line 4157.
Package hyperref Info: Implicit mode ON; LaTeX internals redefined.
Package hyperref Info: Bookmarks ON on input line 4390.
\c@Hy@tempcnt=\count283
 (/usr/share/texmf-dist/tex/latex/url/url.sty
\Urlmuskip=\muskip17
Package: url 2013/09/16  ver 3.4  Verb mode for urls, etc.
)
LaTeX Info: Redefining \url on input line 4749.
\XeTeXLinkMargin=\dimen159
 (/usr/share/texmf-dist/tex/generic/bitset/bitset.sty
Package: bitset 2019/12/09 v1.3 Handle bit-vector datatype (HO)
 (/usr/share/texmf-dist/tex/generic/bigintcalc/bigintcalc.sty
Package: bigintcalc 2019/12/15 v1.5 Expandable calculations on big integers (HO)
))
\Fld@menulength=\count284
\Field@Width=\dimen160
\Fld@charsize=\dimen161
Package hyperref Info: Hyper figures OFF on input line 6027.
Package hyperref Info: Link nesting OFF on input line 6032.
Package hyperref Info: Hyper index ON on input line 6035.
Package hyperref Info: backreferencing OFF on input line 6042.
Package hyperref Info: Link coloring OFF on input line 6047.
Package hyperref Info: Link coloring with OCG OFF on input line 6052.
Package hyperref Info: PDF/A mode OFF on input line 6057.
LaTeX Info: Redefining \ref on input line 6097.
LaTeX Info: Redefining \pageref on input line 6101.
 (/usr/share/texmf-dist/tex/latex/base/atbegshi-ltx.sty
Package: atbegshi-ltx 2021/01/10 v1.0c Emulation of the original atbegshi
package with kernel methods
)
\Hy@abspage=\count285
\c@Item=\count286
\c@Hfootnote=\count287
)
Package hyperref Info: Driver (autodetected): hpdftex.
 (/usr/share/texmf-dist/tex/latex/hyperref/hpdftex.def
File: hpdftex.def 2022-02-21 v7.00n Hyperref driver for pdfTeX
 (/usr/share/texmf-dist/tex/latex/base/atveryend-ltx.sty
Package: atveryend-ltx 2020/08/19 v1.0a Emulation of the original atveryend package
with kernel methods
)
\Fld@listcount=\count288
\c@bookmark@seq@number=\count289
 (/usr/share/texmf-dist/tex/latex/rerunfilecheck/rerunfilecheck.sty
Package: rerunfilecheck 2019/12/05 v1.9 Rerun checks for auxiliary files (HO)
 (/usr/share/texmf-dist/tex/generic/uniquecounter/uniquecounter.sty
Package: uniquecounter 2019/12/15 v1.4 Provide unlimited unique counter (HO)
)
Package uniquecounter Info: New unique counter `rerunfilecheck' on input line 286.
)
\Hy@SectionHShift=\skip55
) (/usr/share/texmf-dist/tex/latex/appendix/appendix.sty
Package: appendix 2020/02/08 v1.2c extra appendix facilities
\c@@pps=\count290
\c@@ppsavesec=\count291
\c@@ppsaveapp=\count292
) (/usr/share/texmf-dist/tex/latex/biblatex/biblatex.sty
Package: biblatex 2022/02/02 v3.17 programmable bibliographies (PK/MW)
 (/usr/share/texmf-dist/tex/latex/etoolbox/etoolbox.sty
Package: etoolbox 2020/10/05 v2.5k e-TeX tools for LaTeX (JAW)
\etb@tempcnta=\count293
) (/usr/share/texmf-dist/tex/latex/logreq/logreq.sty
Package: logreq 2010/08/04 v1.0 xml request logger
\lrq@indent=\count294
 (/usr/share/texmf-dist/tex/latex/logreq/logreq.def
File: logreq.def 2010/08/04 v1.0 logreq spec v1.0
))
\c@tabx@nest=\count295
\c@listtotal=\count296
\c@listcount=\count297
\c@liststart=\count298
\c@liststop=\count299
\c@citecount=\count300
\c@citetotal=\count301
\c@multicitecount=\count302
\c@multicitetotal=\count303
\c@instcount=\count304
\c@maxnames=\count305
\c@minnames=\count306
\c@maxitems=\count307
\c@minitems=\count308
\c@citecounter=\count309
\c@maxcitecounter=\count310
\c@savedcitecounter=\count311
\c@uniquelist=\count312
\c@uniquename=\count313
\c@refsection=\count314
\c@refsegment=\count315
\c@maxextratitle=\count316
\c@maxextratitleyear=\count317
\c@maxextraname=\count318
\c@maxextradate=\count319
\c@maxextraalpha=\count320
\c@abbrvpenalty=\count321
\c@highnamepenalty=\count322
\c@lownamepenalty=\count323
\c@maxparens=\count324
\c@parenlevel=\count325
\blx@tempcnta=\count326
\blx@tempcntb=\count327
\blx@tempcntc=\count328
\c@blx@maxsection=\count329
\c@blx@maxsegment@0=\count330
\blx@notetype=\count331
\blx@parenlevel@text=\count332
\blx@parenlevel@foot=\count333
\c@blx@sectionciteorder@0=\count334
\blx@entrysetcounter=\count335
\blx@biblioinstance=\count336
\labelnumberwidth=\skip56
\labelalphawidth=\skip57
\biblabelsep=\skip58
\bibitemsep=\skip59
\bibnamesep=\skip60
\bibinitsep=\skip61
\bibparsep=\skip62
\bibhang=\skip63
\blx@bcfin=\read3
\blx@bcfout=\write3
\blx@langwohyphens=\language88
\c@mincomprange=\count337
\c@maxcomprange=\count338
\c@mincompwidth=\count339
Package biblatex Info: Trying to load biblatex default data model...
Package biblatex Info: ... file 'blx-dm.def' found.
 (/usr/share/texmf-dist/tex/latex/biblatex/blx-dm.def
File: blx-dm.def 2022/02/02 v3.17 biblatex localization (PK/MW)
)
Package biblatex Info: Trying to load biblatex style data model...
Package biblatex Info: ... file 'phys.dbx' found.
 (/usr/share/texmf-dist/tex/latex/biblatex-phys/phys.dbx
File: phys.dbx 2019/12/03 v1.1b biblatex database model extension
)
Package biblatex Info: Trying to load biblatex custom data model...
Package biblatex Info: ... file 'biblatex-dm.cfg' not found.
\c@afterword=\count340
\c@savedafterword=\count341
\c@annotator=\count342
\c@savedannotator=\count343
\c@author=\count344
\c@savedauthor=\count345
\c@bookauthor=\count346
\c@savedbookauthor=\count347
\c@commentator=\count348
\c@savedcommentator=\count349
\c@editor=\count350
\c@savededitor=\count351
\c@editora=\count352
\c@savededitora=\count353
\c@editorb=\count354
\c@savededitorb=\count355
\c@editorc=\count356
\c@savededitorc=\count357
\c@foreword=\count358
\c@savedforeword=\count359
\c@holder=\count360
\c@savedholder=\count361
\c@introduction=\count362
\c@savedintroduction=\count363
\c@namea=\count364
\c@savednamea=\count365
\c@nameb=\count366
\c@savednameb=\count367
\c@namec=\count368
\c@savednamec=\count369
\c@translator=\count370
\c@savedtranslator=\count371
\c@shortauthor=\count372
\c@savedshortauthor=\count373
\c@shorteditor=\count374
\c@savedshorteditor=\count375
\c@labelname=\count376
\c@savedlabelname=\count377
\c@institution=\count378
\c@savedinstitution=\count379
\c@lista=\count380
\c@savedlista=\count381
\c@listb=\count382
\c@savedlistb=\count383
\c@listc=\count384
\c@savedlistc=\count385
\c@listd=\count386
\c@savedlistd=\count387
\c@liste=\count388
\c@savedliste=\count389
\c@listf=\count390
\c@savedlistf=\count391
\c@location=\count392
\c@savedlocation=\count393
\c@organization=\count394
\c@savedorganization=\count395
\c@origlocation=\count396
\c@savedoriglocation=\count397
\c@origpublisher=\count398
\c@savedorigpublisher=\count399
\c@publisher=\count400
\c@savedpublisher=\count401
\c@language=\count402
\c@savedlanguage=\count403
\c@origlanguage=\count404
\c@savedoriglanguage=\count405
\c@pageref=\count406
\c@savedpageref=\count407
\shorthandwidth=\skip64
\shortjournalwidth=\skip65
\shortserieswidth=\skip66
\shorttitlewidth=\skip67
\shortauthorwidth=\skip68
\shorteditorwidth=\skip69
\locallabelnumberwidth=\skip70
\locallabelalphawidth=\skip71
\localshorthandwidth=\skip72
\localshortjournalwidth=\skip73
\localshortserieswidth=\skip74
\localshorttitlewidth=\skip75
\localshortauthorwidth=\skip76
\localshorteditorwidth=\skip77
Package biblatex Info: Trying to load compatibility code...
Package biblatex Info: ... file 'blx-compat.def' found.
 (/usr/share/texmf-dist/tex/latex/biblatex/blx-compat.def
File: blx-compat.def 2022/02/02 v3.17 biblatex compatibility (PK/MW)
)
Package biblatex Info: Trying to load BibTeX backend compatibility...
Package biblatex Info: ... file 'blx-bibtex.def' found.
 (/usr/share/texmf-dist/tex/latex/biblatex/blx-bibtex.def
File: blx-bibtex.def 2022/02/02 v3.17 biblatex compatibility (PK/MW)


Package biblatex Warning: Using fall-back BibTeX(8) backend:
(biblatex)                functionality may be reduced/unavailable.

)
Package biblatex Info: Trying to load generic definitions...
Package biblatex Info: ... file 'biblatex.def' found.
 (/usr/share/texmf-dist/tex/latex/biblatex/biblatex.def
File: biblatex.def 2022/02/02 v3.17 biblatex compatibility (PK/MW)
\c@textcitecount=\count408
\c@textcitetotal=\count409
\c@textcitemaxnames=\count410
\c@biburlbigbreakpenalty=\count411
\c@biburlbreakpenalty=\count412
\c@biburlnumpenalty=\count413
\c@biburlucpenalty=\count414
\c@biburllcpenalty=\count415
\biburlbigskip=\muskip18
\biburlnumskip=\muskip19
\biburlucskip=\muskip20
\biburllcskip=\muskip21
\c@smartand=\count416
)
Package biblatex Info: Trying to load bibliography style 'phys'...
Package biblatex Info: ... file 'phys.bbx' found.
 (/usr/share/texmf-dist/tex/latex/biblatex-phys/phys.bbx
File: phys.bbx 2019/12/03 v1.1b biblatex bibliography style
Package biblatex Info: Trying to load bibliography style 'numeric-comp'...
Package biblatex Info: ... file 'numeric-comp.bbx' found.
 (/usr/share/texmf-dist/tex/latex/biblatex/bbx/numeric-comp.bbx
File: numeric-comp.bbx 2022/02/02 v3.17 biblatex bibliography style (PK/MW)
Package biblatex Info: Trying to load bibliography style 'numeric'...
Package biblatex Info: ... file 'numeric.bbx' found.
 (/usr/share/texmf-dist/tex/latex/biblatex/bbx/numeric.bbx
File: numeric.bbx 2022/02/02 v3.17 biblatex bibliography style (PK/MW)
Package biblatex Info: Trying to load bibliography style 'standard'...
Package biblatex Info: ... file 'standard.bbx' found.
 (/usr/share/texmf-dist/tex/latex/biblatex/bbx/standard.bbx
File: standard.bbx 2022/02/02 v3.17 biblatex bibliography style (PK/MW)
\c@bbx:relatedcount=\count417
\c@bbx:relatedtotal=\count418
))))
Package biblatex Info: Trying to load citation style 'phys'...
Package biblatex Info: ... file 'phys.cbx' found.
 (/usr/share/texmf-dist/tex/latex/biblatex-phys/phys.cbx
File: phys.cbx 2019/12/03 v1.1b biblatex citation style
Package biblatex Info: Trying to load citation style 'numeric-comp'...
Package biblatex Info: ... file 'numeric-comp.cbx' found.
 (/usr/share/texmf-dist/tex/latex/biblatex/cbx/numeric-comp.cbx
File: numeric-comp.cbx 2022/02/02 v3.17 biblatex citation style (PK/MW)
\c@cbx@tempcnta=\count419
\c@cbx@tempcntb=\count420
\c@cbx@tempcntc=\count421
\c@cbx@tempcntd=\count422
Package biblatex Info: Redefining '\cite'.
Package biblatex Info: Redefining '\parencite'.
Package biblatex Info: Redefining '\footcite'.
Package biblatex Info: Redefining '\footcitetext'.
Package biblatex Info: Redefining '\smartcite'.
Package biblatex Info: Redefining '\supercite'.
Package biblatex Info: Redefining '\textcite'.
Package biblatex Info: Redefining '\textcites'.
Package biblatex Info: Redefining '\cites'.
Package biblatex Info: Redefining '\parencites'.
Package biblatex Info: Redefining '\smartcites'.
))
Package biblatex Info: Trying to load configuration file...
Package biblatex Info: ... file 'biblatex.cfg' found.
 (/usr/share/texmf-dist/tex/latex/biblatex/biblatex.cfg
File: biblatex.cfg 
)
Package biblatex Info: Input encoding 'utf8' detected.
Package biblatex Info: Document encoding is UTF8 ....
Package biblatex Info: ... and expl3
(biblatex)             2022-02-24 L3 programming layer (loader) 
(biblatex)             is new enough (at least 2020/04/06),
(biblatex)             setting 'casechanger=expl3'.
 (/usr/share/texmf-dist/tex/latex/biblatex/blx-case-expl3.sty
Package: blx-case-expl3 2022/02/02 v3.17 expl3 case changing code for biblatex
)) (/usr/share/texmf-dist/tex/latex/listings/listings.sty
\lst@mode=\count423
\lst@gtempboxa=\box55
\lst@token=\toks26
\lst@length=\count424
\lst@currlwidth=\dimen162
\lst@column=\count425
\lst@pos=\count426
\lst@lostspace=\dimen163
\lst@width=\dimen164
\lst@newlines=\count427
\lst@lineno=\count428
\lst@maxwidth=\dimen165
 (/usr/share/texmf-dist/tex/latex/listings/lstmisc.sty
File: lstmisc.sty 2020/03/24 1.8d (Carsten Heinz)
\c@lstnumber=\count429
\lst@skipnumbers=\count430
\lst@framebox=\box56
) (/usr/share/texmf-dist/tex/latex/listings/listings.cfg
File: listings.cfg 2020/03/24 1.8d listings configuration
))
Package: listings 2020/03/24 1.8d (Carsten Heinz)
 (/usr/share/texmf-dist/tex/latex/placeins/placeins.sty
Package: placeins 2005/04/18  v 2.2
) (/usr/share/texmf-dist/tex/latex/geometry/geometry.sty
Package: geometry 2020/01/02 v5.9 Page Geometry
 (/usr/share/texmf-dist/tex/generic/iftex/ifvtex.sty
Package: ifvtex 2019/10/25 v1.7 ifvtex legacy package. Use iftex instead.
)
\Gm@cnth=\count431
\Gm@cntv=\count432
\c@Gm@tempcnt=\count433
\Gm@bindingoffset=\dimen166
\Gm@wd@mp=\dimen167
\Gm@odd@mp=\dimen168
\Gm@even@mp=\dimen169
\Gm@layoutwidth=\dimen170
\Gm@layoutheight=\dimen171
\Gm@layouthoffset=\dimen172
\Gm@layoutvoffset=\dimen173
\Gm@dimlist=\toks27
) (/usr/share/texmf-dist/tex/latex/mathalpha/mathalpha.sty
Package: mathalpha 2021/11/18 - 1.143mathalpha (License LPPL) Michael Sharpe
 `mathalpha' v1.143, 2021/11/18, a renaming of mathalfa (msharpe) (/usr/share/texmf-dist/tex/latex/xkeyval/xkeyval.sty
Package: xkeyval 2020/11/20 v2.8 package option processing (HA)
 (/usr/share/texmf-dist/tex/generic/xkeyval/xkeyval.tex (/usr/share/texmf-dist/tex/generic/xkeyval/xkvutils.tex
\XKV@toks=\toks28
\XKV@tempa@toks=\toks29
)
\XKV@depth=\count434
File: xkeyval.tex 2014/12/03 v2.7a key=value parser (HA)
)) (/usr/share/texmf-dist/tex/latex/dsserif/dsserif.sty
Package: dsserif 2021/10/29 v1.031 U/dsserif
LaTeX Font Info:    Overwriting math alphabet `\mathbb' in version `bold'
(Font)                  U/DSSerif/m/n --> U/DSSerif/b/n on input line 51.
)) (/usr/share/texmf-dist/tex/latex/pgf/frontendlayer/tikz.sty (/usr/share/texmf-dist/tex/latex/pgf/basiclayer/pgf.sty (/usr/share/texmf-dist/tex/latex/pgf/utilities/pgfrcs.sty (/usr/share/texmf-dist/tex/generic/pgf/utilities/pgfutil-common.tex
\pgfutil@everybye=\toks30
\pgfutil@tempdima=\dimen174
\pgfutil@tempdimb=\dimen175
 (/usr/share/texmf-dist/tex/generic/pgf/utilities/pgfutil-common-lists.tex)) (/usr/share/texmf-dist/tex/generic/pgf/utilities/pgfutil-latex.def
\pgfutil@abb=\box57
) (/usr/share/texmf-dist/tex/generic/pgf/utilities/pgfrcs.code.tex (/usr/share/texmf-dist/tex/generic/pgf/pgf.revision.tex)
Package: pgfrcs 2021/05/15 v3.1.9a (3.1.9a)
))
Package: pgf 2021/05/15 v3.1.9a (3.1.9a)
 (/usr/share/texmf-dist/tex/latex/pgf/basiclayer/pgfcore.sty (/usr/share/texmf-dist/tex/latex/pgf/systemlayer/pgfsys.sty (/usr/share/texmf-dist/tex/generic/pgf/systemlayer/pgfsys.code.tex
Package: pgfsys 2021/05/15 v3.1.9a (3.1.9a)
 (/usr/share/texmf-dist/tex/generic/pgf/utilities/pgfkeys.code.tex
\pgfkeys@pathtoks=\toks31
\pgfkeys@temptoks=\toks32

(/usr/share/texmf-dist/tex/generic/pgf/utilities/pgfkeysfiltered.code.tex
\pgfkeys@tmptoks=\toks33
))
\pgf@x=\dimen176
\pgf@y=\dimen177
\pgf@xa=\dimen178
\pgf@ya=\dimen179
\pgf@xb=\dimen180
\pgf@yb=\dimen181
\pgf@xc=\dimen182
\pgf@yc=\dimen183
\pgf@xd=\dimen184
\pgf@yd=\dimen185
\w@pgf@writea=\write4
\r@pgf@reada=\read4
\c@pgf@counta=\count435
\c@pgf@countb=\count436
\c@pgf@countc=\count437
\c@pgf@countd=\count438
\t@pgf@toka=\toks34
\t@pgf@tokb=\toks35
\t@pgf@tokc=\toks36
\pgf@sys@id@count=\count439
 (/usr/share/texmf-dist/tex/generic/pgf/systemlayer/pgf.cfg
File: pgf.cfg 2021/05/15 v3.1.9a (3.1.9a)
)
Driver file for pgf: pgfsys-pdftex.def
 (/usr/share/texmf-dist/tex/generic/pgf/systemlayer/pgfsys-pdftex.def
File: pgfsys-pdftex.def 2021/05/15 v3.1.9a (3.1.9a)
 (/usr/share/texmf-dist/tex/generic/pgf/systemlayer/pgfsys-common-pdf.def
File: pgfsys-common-pdf.def 2021/05/15 v3.1.9a (3.1.9a)
))) (/usr/share/texmf-dist/tex/generic/pgf/systemlayer/pgfsyssoftpath.code.tex
File: pgfsyssoftpath.code.tex 2021/05/15 v3.1.9a (3.1.9a)
\pgfsyssoftpath@smallbuffer@items=\count440
\pgfsyssoftpath@bigbuffer@items=\count441
) (/usr/share/texmf-dist/tex/generic/pgf/systemlayer/pgfsysprotocol.code.tex
File: pgfsysprotocol.code.tex 2021/05/15 v3.1.9a (3.1.9a)
)) (/usr/share/texmf-dist/tex/generic/pgf/basiclayer/pgfcore.code.tex
Package: pgfcore 2021/05/15 v3.1.9a (3.1.9a)
 (/usr/share/texmf-dist/tex/generic/pgf/math/pgfmath.code.tex (/usr/share/texmf-dist/tex/generic/pgf/math/pgfmathcalc.code.tex (/usr/share/texmf-dist/tex/generic/pgf/math/pgfmathutil.code.tex) (/usr/share/texmf-dist/tex/generic/pgf/math/pgfmathparser.code.tex
\pgfmath@dimen=\dimen186
\pgfmath@count=\count442
\pgfmath@box=\box58
\pgfmath@toks=\toks37
\pgfmath@stack@operand=\toks38
\pgfmath@stack@operation=\toks39
) (/usr/share/texmf-dist/tex/generic/pgf/math/pgfmathfunctions.code.tex (/usr/share/texmf-dist/tex/generic/pgf/math/pgfmathfunctions.basic.code.tex) (/usr/share/texmf-dist/tex/generic/pgf/math/pgfmathfunctions.trigonometric.code.tex) (/usr/share/texmf-dist/tex/generic/pgf/math/pgfmathfunctions.random.code.tex) (/usr/share/texmf-dist/tex/generic/pgf/math/pgfmathfunctions.comparison.code.tex) (/usr/share/texmf-dist/tex/generic/pgf/math/pgfmathfunctions.base.code.tex) (/usr/share/texmf-dist/tex/generic/pgf/math/pgfmathfunctions.round.code.tex) (/usr/share/texmf-dist/tex/generic/pgf/math/pgfmathfunctions.misc.code.tex) (/usr/share/texmf-dist/tex/generic/pgf/math/pgfmathfunctions.integerarithmetics.code.tex))) (/usr/share/texmf-dist/tex/generic/pgf/math/pgfmathfloat.code.tex
\c@pgfmathroundto@lastzeros=\count443
)) (/usr/share/texmf-dist/tex/generic/pgf/math/pgfint.code.tex) (/usr/share/texmf-dist/tex/generic/pgf/basiclayer/pgfcorepoints.code.tex
File: pgfcorepoints.code.tex 2021/05/15 v3.1.9a (3.1.9a)
\pgf@picminx=\dimen187
\pgf@picmaxx=\dimen188
\pgf@picminy=\dimen189
\pgf@picmaxy=\dimen190
\pgf@pathminx=\dimen191
\pgf@pathmaxx=\dimen192
\pgf@pathminy=\dimen193
\pgf@pathmaxy=\dimen194
\pgf@xx=\dimen195
\pgf@xy=\dimen196
\pgf@yx=\dimen197
\pgf@yy=\dimen198
\pgf@zx=\dimen199
\pgf@zy=\dimen256
) (/usr/share/texmf-dist/tex/generic/pgf/basiclayer/pgfcorepathconstruct.code.tex
File: pgfcorepathconstruct.code.tex 2021/05/15 v3.1.9a (3.1.9a)
\pgf@path@lastx=\dimen257
\pgf@path@lasty=\dimen258
) (/usr/share/texmf-dist/tex/generic/pgf/basiclayer/pgfcorepathusage.code.tex
File: pgfcorepathusage.code.tex 2021/05/15 v3.1.9a (3.1.9a)
\pgf@shorten@end@additional=\dimen259
\pgf@shorten@start@additional=\dimen260
) (/usr/share/texmf-dist/tex/generic/pgf/basiclayer/pgfcorescopes.code.tex
File: pgfcorescopes.code.tex 2021/05/15 v3.1.9a (3.1.9a)
\pgfpic=\box59
\pgf@hbox=\box60
\pgf@layerbox@main=\box61
\pgf@picture@serial@count=\count444
) (/usr/share/texmf-dist/tex/generic/pgf/basiclayer/pgfcoregraphicstate.code.tex
File: pgfcoregraphicstate.code.tex 2021/05/15 v3.1.9a (3.1.9a)
\pgflinewidth=\dimen261
)
(/usr/share/texmf-dist/tex/generic/pgf/basiclayer/pgfcoretransformations.code.tex
File: pgfcoretransformations.code.tex 2021/05/15 v3.1.9a (3.1.9a)
\pgf@pt@x=\dimen262
\pgf@pt@y=\dimen263
\pgf@pt@temp=\dimen264
) (/usr/share/texmf-dist/tex/generic/pgf/basiclayer/pgfcorequick.code.tex
File: pgfcorequick.code.tex 2021/05/15 v3.1.9a (3.1.9a)
) (/usr/share/texmf-dist/tex/generic/pgf/basiclayer/pgfcoreobjects.code.tex
File: pgfcoreobjects.code.tex 2021/05/15 v3.1.9a (3.1.9a)
) (/usr/share/texmf-dist/tex/generic/pgf/basiclayer/pgfcorepathprocessing.code.tex
File: pgfcorepathprocessing.code.tex 2021/05/15 v3.1.9a (3.1.9a)
) (/usr/share/texmf-dist/tex/generic/pgf/basiclayer/pgfcorearrows.code.tex
File: pgfcorearrows.code.tex 2021/05/15 v3.1.9a (3.1.9a)
\pgfarrowsep=\dimen265
) (/usr/share/texmf-dist/tex/generic/pgf/basiclayer/pgfcoreshade.code.tex
File: pgfcoreshade.code.tex 2021/05/15 v3.1.9a (3.1.9a)
\pgf@max=\dimen266
\pgf@sys@shading@range@num=\count445
\pgf@shadingcount=\count446
) (/usr/share/texmf-dist/tex/generic/pgf/basiclayer/pgfcoreimage.code.tex
File: pgfcoreimage.code.tex 2021/05/15 v3.1.9a (3.1.9a)
 (/usr/share/texmf-dist/tex/generic/pgf/basiclayer/pgfcoreexternal.code.tex
File: pgfcoreexternal.code.tex 2021/05/15 v3.1.9a (3.1.9a)
\pgfexternal@startupbox=\box62
)) (/usr/share/texmf-dist/tex/generic/pgf/basiclayer/pgfcorelayers.code.tex
File: pgfcorelayers.code.tex 2021/05/15 v3.1.9a (3.1.9a)
) (/usr/share/texmf-dist/tex/generic/pgf/basiclayer/pgfcoretransparency.code.tex
File: pgfcoretransparency.code.tex 2021/05/15 v3.1.9a (3.1.9a)
) (/usr/share/texmf-dist/tex/generic/pgf/basiclayer/pgfcorepatterns.code.tex
File: pgfcorepatterns.code.tex 2021/05/15 v3.1.9a (3.1.9a)
) (/usr/share/texmf-dist/tex/generic/pgf/basiclayer/pgfcorerdf.code.tex
File: pgfcorerdf.code.tex 2021/05/15 v3.1.9a (3.1.9a)
))) (/usr/share/texmf-dist/tex/generic/pgf/modules/pgfmoduleshapes.code.tex
File: pgfmoduleshapes.code.tex 2021/05/15 v3.1.9a (3.1.9a)
\pgfnodeparttextbox=\box63
) (/usr/share/texmf-dist/tex/generic/pgf/modules/pgfmoduleplot.code.tex
File: pgfmoduleplot.code.tex 2021/05/15 v3.1.9a (3.1.9a)
) (/usr/share/texmf-dist/tex/latex/pgf/compatibility/pgfcomp-version-0-65.sty
Package: pgfcomp-version-0-65 2021/05/15 v3.1.9a (3.1.9a)
\pgf@nodesepstart=\dimen267
\pgf@nodesepend=\dimen268
) (/usr/share/texmf-dist/tex/latex/pgf/compatibility/pgfcomp-version-1-18.sty
Package: pgfcomp-version-1-18 2021/05/15 v3.1.9a (3.1.9a)
)) (/usr/share/texmf-dist/tex/latex/pgf/utilities/pgffor.sty (/usr/share/texmf-dist/tex/latex/pgf/utilities/pgfkeys.sty (/usr/share/texmf-dist/tex/generic/pgf/utilities/pgfkeys.code.tex)) (/usr/share/texmf-dist/tex/latex/pgf/math/pgfmath.sty (/usr/share/texmf-dist/tex/generic/pgf/math/pgfmath.code.tex)) (/usr/share/texmf-dist/tex/generic/pgf/utilities/pgffor.code.tex
Package: pgffor 2021/05/15 v3.1.9a (3.1.9a)
 (/usr/share/texmf-dist/tex/generic/pgf/math/pgfmath.code.tex)
\pgffor@iter=\dimen269
\pgffor@skip=\dimen270
\pgffor@stack=\toks40
\pgffor@toks=\toks41
)) (/usr/share/texmf-dist/tex/generic/pgf/frontendlayer/tikz/tikz.code.tex
Package: tikz 2021/05/15 v3.1.9a (3.1.9a)
 (/usr/share/texmf-dist/tex/generic/pgf/libraries/pgflibraryplothandlers.code.tex
File: pgflibraryplothandlers.code.tex 2021/05/15 v3.1.9a (3.1.9a)
\pgf@plot@mark@count=\count447
\pgfplotmarksize=\dimen271
)
\tikz@lastx=\dimen272
\tikz@lasty=\dimen273
\tikz@lastxsaved=\dimen274
\tikz@lastysaved=\dimen275
\tikz@lastmovetox=\dimen276
\tikz@lastmovetoy=\dimen277
\tikzleveldistance=\dimen278
\tikzsiblingdistance=\dimen279
\tikz@figbox=\box64
\tikz@figbox@bg=\box65
\tikz@tempbox=\box66
\tikz@tempbox@bg=\box67
\tikztreelevel=\count448
\tikznumberofchildren=\count449
\tikznumberofcurrentchild=\count450
\tikz@fig@count=\count451
 (/usr/share/texmf-dist/tex/generic/pgf/modules/pgfmodulematrix.code.tex
File: pgfmodulematrix.code.tex 2021/05/15 v3.1.9a (3.1.9a)
\pgfmatrixcurrentrow=\count452
\pgfmatrixcurrentcolumn=\count453
\pgf@matrix@numberofcolumns=\count454
)
\tikz@expandcount=\count455
 (/usr/share/texmf-dist/tex/generic/pgf/frontendlayer/tikz/libraries/tikzlibrarytopaths.code.tex
File: tikzlibrarytopaths.code.tex 2021/05/15 v3.1.9a (3.1.9a)
)))
(/usr/share/texmf-dist/tex/latex/csquotes/csquotes.sty
Package: csquotes 2021-02-22 v5.2l context-sensitive quotations (JAW)
\csq@reset=\count456
\csq@gtype=\count457
\csq@glevel=\count458
\csq@qlevel=\count459
\csq@maxlvl=\count460
\csq@tshold=\count461
\csq@ltx@everypar=\toks42
 (/usr/share/texmf-dist/tex/latex/csquotes/csquotes.def
File: csquotes.def 2021-02-22 v5.2l csquotes generic definitions (JAW)
)
Package csquotes Info: Trying to load configuration file 'csquotes.cfg'...
Package csquotes Info: ... configuration file loaded successfully.
 (/usr/share/texmf-dist/tex/latex/csquotes/csquotes.cfg
File: csquotes.cfg 
)) (/usr/share/texmf-dist/tex/latex/subfig/subfig.sty
Package: subfig 2005/06/28 ver: 1.3 subfig package
 (/usr/share/texmf-dist/tex/latex/caption/caption.sty
Package: caption 2022/03/01 v3.6b Customizing captions (AR)
 (/usr/share/texmf-dist/tex/latex/caption/caption3.sty
Package: caption3 2022/03/17 v2.3b caption3 kernel (AR)
\caption@tempdima=\dimen280
\captionmargin=\dimen281
\caption@leftmargin=\dimen282
\caption@rightmargin=\dimen283
\caption@width=\dimen284
\caption@indent=\dimen285
\caption@parindent=\dimen286
\caption@hangindent=\dimen287
Package caption Info: Standard document class detected.
)
\c@caption@flags=\count462
\c@continuedfloat=\count463
Package caption Info: hyperref package is loaded.
Package caption Info: listings package is loaded.
)
\c@KVtest=\count464
\sf@farskip=\skip78
\sf@captopadj=\dimen288
\sf@capskip=\skip79
\sf@nearskip=\skip80
\c@subfigure=\count465
\c@subfigure@save=\count466
\c@lofdepth=\count467
\c@subtable=\count468
\c@subtable@save=\count469
\c@lotdepth=\count470
\sf@top=\skip81
\sf@bottom=\skip82
) (/usr/share/texmf-dist/tex/latex/lipsum/lipsum.sty (/usr/share/texmf-dist/tex/latex/l3packages/l3keys2e/l3keys2e.sty
Package: l3keys2e 2022-01-12 LaTeX2e option processing using LaTeX3 keys
)
Package: lipsum 2021-09-20 v2.7 150 paragraphs of Lorem Ipsum dummy text
\g__lipsum_par_int=\count471
\l__lipsum_a_int=\count472
\l__lipsum_b_int=\count473
 (/usr/share/texmf-dist/tex/latex/lipsum/lipsum.ltd.tex)) (/usr/share/texmf-dist/tex/latex/subfiles/subfiles.sty
Package: subfiles 2020/11/14 v2.2 Multi-file projects (package)
 (/usr/share/texmf-dist/tex/latex/import/import.sty
Package: import 2020/04/01  v 6.2
)) (/usr/share/texmf-dist/tex/generic/pgf/libraries/pgflibraryarrows.meta.code.tex
File: pgflibraryarrows.meta.code.tex 2021/05/15 v3.1.9a (3.1.9a)
\pgfarrowinset=\dimen289
\pgfarrowlength=\dimen290
\pgfarrowwidth=\dimen291
\pgfarrowlinewidth=\dimen292
) (/usr/share/texmf-dist/tex/generic/pgf/frontendlayer/tikz/libraries/tikzlibrarydecorations.pathreplacing.code.tex (/usr/share/texmf-dist/tex/generic/pgf/frontendlayer/tikz/libraries/tikzlibrarydecorations.code.tex (/usr/share/texmf-dist/tex/generic/pgf/modules/pgfmoduledecorations.code.tex
\pgfdecoratedcompleteddistance=\dimen293
\pgfdecoratedremainingdistance=\dimen294
\pgfdecoratedinputsegmentcompleteddistance=\dimen295
\pgfdecoratedinputsegmentremainingdistance=\dimen296
\pgf@decorate@distancetomove=\dimen297
\pgf@decorate@repeatstate=\count474
\pgfdecorationsegmentamplitude=\dimen298
\pgfdecorationsegmentlength=\dimen299
)
\tikz@lib@dec@box=\box68
) (/usr/share/texmf-dist/tex/generic/pgf/libraries/decorations/pgflibrarydecorations.pathreplacing.code.tex)) (/usr/share/texmf-dist/tex/generic/pgf/frontendlayer/tikz/libraries/tikzlibrarydecorations.markings.code.tex (/usr/share/texmf-dist/tex/generic/pgf/libraries/decorations/pgflibrarydecorations.markings.code.tex)) (/usr/share/texmf-dist/tex/generic/pgf/frontendlayer/tikz/libraries/tikzlibrarypatterns.code.tex
File: tikzlibrarypatterns.code.tex 2021/05/15 v3.1.9a (3.1.9a)
 (/usr/share/texmf-dist/tex/generic/pgf/libraries/pgflibrarypatterns.code.tex
File: pgflibrarypatterns.code.tex 2021/05/15 v3.1.9a (3.1.9a)
)) (/usr/share/texmf-dist/tex/latex/listings/lstlang1.sty
File: lstlang1.sty 2020/03/24 1.8d listings language file
)
Package csquotes Info: Checking for multilingual support...
Package csquotes Info: ... found 'babel' package.
Package csquotes Info: Adjusting default style.
Package csquotes Info: Redefining alias 'default' -> 'english'.
 (./main.aux)
\openout1 = `main.aux'.

LaTeX Font Info:    Checking defaults for OML/cmm/m/it on input line 52.
LaTeX Font Info:    ... okay on input line 52.
LaTeX Font Info:    Checking defaults for OMS/cmsy/m/n on input line 52.
LaTeX Font Info:    ... okay on input line 52.
LaTeX Font Info:    Checking defaults for OT1/cmr/m/n on input line 52.
LaTeX Font Info:    ... okay on input line 52.
LaTeX Font Info:    Checking defaults for T1/cmr/m/n on input line 52.
LaTeX Font Info:    ... okay on input line 52.
LaTeX Font Info:    Checking defaults for TS1/cmr/m/n on input line 52.
LaTeX Font Info:    ... okay on input line 52.
LaTeX Font Info:    Checking defaults for OMX/cmex/m/n on input line 52.
LaTeX Font Info:    ... okay on input line 52.
LaTeX Font Info:    Checking defaults for U/DSSerif/m/n on input line 52.
LaTeX Font Info:    ... okay on input line 52.
LaTeX Font Info:    Checking defaults for PD1/pdf/m/n on input line 52.
LaTeX Font Info:    ... okay on input line 52.
LaTeX Font Info:    Checking defaults for PU/pdf/m/n on input line 52.
LaTeX Font Info:    ... okay on input line 52.
 (/usr/share/texmf-dist/tex/context/base/mkii/supp-pdf.mkii
[Loading MPS to PDF converter (version 2006.09.02).]
\scratchcounter=\count475
\scratchdimen=\dimen300
\scratchbox=\box69
\nofMPsegments=\count476
\nofMParguments=\count477
\everyMPshowfont=\toks43
\MPscratchCnt=\count478
\MPscratchDim=\dimen301
\MPnumerator=\count479
\makeMPintoPDFobject=\count480
\everyMPtoPDFconversion=\toks44
) (/usr/share/texmf-dist/tex/latex/epstopdf-pkg/epstopdf-base.sty
Package: epstopdf-base 2020-01-24 v2.11 Base part for package epstopdf
Package epstopdf-base Info: Redefining graphics rule for `.eps' on input line 485.
 (/usr/share/texmf-dist/tex/latex/latexconfig/epstopdf-sys.cfg
File: epstopdf-sys.cfg 2010/07/13 v1.3 Configuration of (r)epstopdf for TeX Live
)) (/usr/share/texmf-dist/tex/latex/pdflscape/pdflscape.sty
Package: pdflscape 2019/12/05 v0.12 Display of landscape pages in PDF (HO)
 (/usr/share/texmf-dist/tex/latex/graphics/lscape.sty
Package: lscape 2020/05/28 v3.02 Landscape Pages (DPC)
)
Package pdflscape Info: Auto-detected driver: pdftex on input line 81.
)
Package hyperref Info: Link coloring OFF on input line 52.
 (/usr/share/texmf-dist/tex/latex/hyperref/nameref.sty
Package: nameref 2021-04-02 v2.47 Cross-referencing by name of section
 (/usr/share/texmf-dist/tex/latex/refcount/refcount.sty
Package: refcount 2019/12/15 v3.6 Data extraction from label references (HO)
) (/usr/share/texmf-dist/tex/generic/gettitlestring/gettitlestring.sty
Package: gettitlestring 2019/12/15 v1.6 Cleanup title references (HO)
)
\c@section@level=\count481
)
LaTeX Info: Redefining \ref on input line 52.
LaTeX Info: Redefining \pageref on input line 52.
LaTeX Info: Redefining \nameref on input line 52.
 (./main.out) (./main.out)
\@outlinefile=\write5
\openout5 = `main.out'.

Package biblatex Info: Trying to load language 'english'...
Package biblatex Info: ... file 'english.lbx' found.
 (/usr/share/texmf-dist/tex/latex/biblatex/lbx/english.lbx
File: english.lbx 2022/02/02 v3.17 biblatex localization (PK/MW)
)
Package biblatex Info: Trying to load language 'swedish'...
Package biblatex Info: ... file 'swedish.lbx' found.
 (/usr/share/texmf-dist/tex/latex/biblatex/lbx/swedish.lbx
File: swedish.lbx 2022/02/02 v3.17 biblatex localization (PK/MW)
)
Package biblatex Info: Input encoding 'utf8' detected.
Package biblatex Info: Automatic encoding selection.
(biblatex)             Assuming data encoding 'utf8'.
Package biblatex Info: Input encoding 'utf8' detected.
Package biblatex Info: Data encoding 'utf8' specified.
(biblatex)             No need to reencode data.
\openout3 = `main-blx.bib'.

Package biblatex Info: Trying to load bibliographic data...
Package biblatex Info: ... file 'main.bbl' found.
 (./main.bbl
LaTeX Font Info:    Trying to load font information for U+msa on input line 50.
 (/usr/share/texmf-dist/tex/latex/amsfonts/umsa.fd
File: umsa.fd 2013/01/14 v3.01 AMS symbols A
)
LaTeX Font Info:    Trying to load font information for U+msb on input line 50.
 (/usr/share/texmf-dist/tex/latex/amsfonts/umsb.fd
File: umsb.fd 2013/01/14 v3.01 AMS symbols B
))
Package biblatex Info: Reference section=0 on input line 52.
Package biblatex Info: Reference segment=0 on input line 52.
\c@lstlisting=\count482

*geometry* driver: auto-detecting
*geometry* detected driver: pdftex
*geometry* verbose mode - [ preamble ] result:
* driver: pdftex
* paper: a4paper
* layout: <same size as paper>
* layoutoffset:(h,v)=(0.0pt,0.0pt)
* modes: 
* h-part:(L,W,R)=(72.26999pt, 452.9679pt, 72.26999pt)
* v-part:(T,H,B)=(72.26999pt, 700.50687pt, 72.26999pt)
* \paperwidth=597.50787pt
* \paperheight=845.04684pt
* \textwidth=452.9679pt
* \textheight=700.50687pt
* \oddsidemargin=0.0pt
* \evensidemargin=0.0pt
* \topmargin=-37.0pt
* \headheight=12.0pt
* \headsep=25.0pt
* \topskip=10.0pt
* \footskip=30.0pt
* \marginparwidth=57.0pt
* \marginparsep=11.0pt
* \columnsep=10.0pt
* \skip\footins=9.0pt plus 4.0pt minus 2.0pt
* \hoffset=0.0pt
* \voffset=0.0pt
* \mag=1000
* \@twocolumnfalse
* \@twosidefalse
* \@mparswitchfalse
* \@reversemarginfalse
* (1in=72.27pt=25.4mm, 1cm=28.453pt)

Package caption Info: Begin \AtBeginDocument code.
Package caption Info: subfig package v1.3 is loaded.
Package caption Info: End \AtBeginDocument code.
(./title.tex
<figures/UU_logo.png, id=139, 630.355pt x 601.24625pt>
File: figures/UU_logo.png Graphic file (type png)
<use figures/UU_logo.png>
Package pdftex.def Info: figures/UU_logo.png  used on input line 13.
(pdftex.def)             Requested size: 181.18439pt x 172.81566pt.
 [1

{/var/lib/texmf/fonts/map/pdftex/updmap/pdftex.map} <./figures/UU_logo.png>]) (./abstract.tex)pdfTeX warning (ext4): destination with the same identifier (name{page.1}) has been already used, duplicate ignored
<to be read again> 
                   \relax 
l.57 \newpage
              [1] (./main.toc)
\tf@toc=\write6
\openout6 = `main.toc'.

 [2] (./introduction.tex) [3] (./background.tex
<figures/top_train.png, id=217, 350.4pt x 183.96pt>
File: figures/top_train.png Graphic file (type png)
<use figures/top_train.png>
Package pdftex.def Info: figures/top_train.png  used on input line 21.
(pdftex.def)             Requested size: 362.37569pt x 190.25844pt.
LaTeX Font Info:    Font shape `U/DSSerif/m/n' will be
(Font)              scaled to size 10.0pt on input line 46.
LaTeX Font Info:    Font shape `U/DSSerif/m/n' will be
(Font)              scaled to size 7.0pt on input line 46.
LaTeX Font Info:    Font shape `U/DSSerif/m/n' will be
(Font)              scaled to size 5.0pt on input line 46.
 [4 <./figures/top_train.png>] [5]) (./derivation.tex [6] [7]
\matrixtoks=\toks45
\matrixtoks=\toks46
\matrixtoks=\toks47
\matrixtoks=\toks48
 [8]
Overfull \hbox (61.31306pt too wide) detected at line 262
[]
 []

[9] [10] [11] [12]
Overfull \hbox (20.96136pt too wide) detected at line 543
[]
 []

) (./simulation.tex [13]) [14] (./results.tex
<figures/n_compare/I10nr101lablength0.001tmax0.1J100000.0Gamma10000000000.0mass3.58e-25len5e-05n0vel(0.01, 0, 0, 0, 0)swarmnum4norotFalsenosynFalse.png, id=368, 311.4837pt x 289.8027pt>
File: figures/n_compare/I10nr101lablength0.001tmax0.1J100000.0Gamma10000000000.0mass3.58e-25len5e-05n0vel(0.01, 0, 0, 0, 0)swarmnum4norotFalsenosynFalse.png Graphic file (type png)
<use figures/n_compare/I10nr101lablength0.001tmax0.1J100000.0Gamma10000000000.0mass3.58e-25len5e-05n0vel(0.01, 0, 0, 0, 0)swarmnum4norotFalsenosynFalse.png>
Package pdftex.def Info: figures/n_compare/I10nr101lablength0.001tmax0.1J100000.0Gamma10000000000.0mass3.58e-25len5e-05n0vel(0.01, 0, 0, 0, 0)swarmnum4norotFalsenosynFalse.png  used on input line 43.
(pdftex.def)             Requested size: 113.81102pt x 105.88986pt.
LaTeX Font Info:    Font shape `U/DSSerif/m/n' will be
(Font)              scaled to size 8.0pt on input line 43.
LaTeX Font Info:    Font shape `U/DSSerif/m/n' will be
(Font)              scaled to size 6.0pt on input line 43.
<figures/n_compare/I10nr101lablength0.001tmax0.1J100000.0Gamma10000000000.0mass3.58e-25len5e-05n1vel(0.01, 0, 0, 0, 0)swarmnum4norotFalsenosynFalse.png, id=369, 311.4837pt x 289.8027pt>
File: figures/n_compare/I10nr101lablength0.001tmax0.1J100000.0Gamma10000000000.0mass3.58e-25len5e-05n1vel(0.01, 0, 0, 0, 0)swarmnum4norotFalsenosynFalse.png Graphic file (type png)
<use figures/n_compare/I10nr101lablength0.001tmax0.1J100000.0Gamma10000000000.0mass3.58e-25len5e-05n1vel(0.01, 0, 0, 0, 0)swarmnum4norotFalsenosynFalse.png>
Package pdftex.def Info: figures/n_compare/I10nr101lablength0.001tmax0.1J100000.0Gamma10000000000.0mass3.58e-25len5e-05n1vel(0.01, 0, 0, 0, 0)swarmnum4norotFalsenosynFalse.png  used on input line 45.
(pdftex.def)             Requested size: 113.81102pt x 105.88986pt.
<figures/n_compare/I10nr101lablength0.001tmax0.1J100000.0Gamma10000000000.0mass3.58e-25len5e-05n2vel(0.01, 0, 0, 0, 0)swarmnum4norotFalsenosynFalse.png, id=370, 311.4837pt x 289.8027pt>
File: figures/n_compare/I10nr101lablength0.001tmax0.1J100000.0Gamma10000000000.0mass3.58e-25len5e-05n2vel(0.01, 0, 0, 0, 0)swarmnum4norotFalsenosynFalse.png Graphic file (type png)
<use figures/n_compare/I10nr101lablength0.001tmax0.1J100000.0Gamma10000000000.0mass3.58e-25len5e-05n2vel(0.01, 0, 0, 0, 0)swarmnum4norotFalsenosynFalse.png>
Package pdftex.def Info: figures/n_compare/I10nr101lablength0.001tmax0.1J100000.0Gamma10000000000.0mass3.58e-25len5e-05n2vel(0.01, 0, 0, 0, 0)swarmnum4norotFalsenosynFalse.png  used on input line 47.
(pdftex.def)             Requested size: 113.81102pt x 105.88986pt.
<figures/n_compare_nosyn/I10nr101lablength0.001tmax0.1J100000.0Gamma10000000000.0mass3.58e-25len5e-05n0vel(0.01, 0, 0, 0, 0)swarmnum4norotFalsenosynTrue.png, id=372, 311.4837pt x 289.8027pt>
File: figures/n_compare_nosyn/I10nr101lablength0.001tmax0.1J100000.0Gamma10000000000.0mass3.58e-25len5e-05n0vel(0.01, 0, 0, 0, 0)swarmnum4norotFalsenosynTrue.png Graphic file (type png)
<use figures/n_compare_nosyn/I10nr101lablength0.001tmax0.1J100000.0Gamma10000000000.0mass3.58e-25len5e-05n0vel(0.01, 0, 0, 0, 0)swarmnum4norotFalsenosynTrue.png>
Package pdftex.def Info: figures/n_compare_nosyn/I10nr101lablength0.001tmax0.1J100000.0Gamma10000000000.0mass3.58e-25len5e-05n0vel(0.01, 0, 0, 0, 0)swarmnum4norotFalsenosynTrue.png  used on input line 60.
(pdftex.def)             Requested size: 113.81102pt x 105.88986pt.
<figures/n_compare_nosyn/I10nr101lablength0.001tmax0.1J100000.0Gamma10000000000.0mass3.58e-25len5e-05n1vel(0.01, 0, 0, 0, 0)swarmnum4norotFalsenosynTrue.png, id=373, 311.4837pt x 289.8027pt>
File: figures/n_compare_nosyn/I10nr101lablength0.001tmax0.1J100000.0Gamma10000000000.0mass3.58e-25len5e-05n1vel(0.01, 0, 0, 0, 0)swarmnum4norotFalsenosynTrue.png Graphic file (type png)
<use figures/n_compare_nosyn/I10nr101lablength0.001tmax0.1J100000.0Gamma10000000000.0mass3.58e-25len5e-05n1vel(0.01, 0, 0, 0, 0)swarmnum4norotFalsenosynTrue.png>
Package pdftex.def Info: figures/n_compare_nosyn/I10nr101lablength0.001tmax0.1J100000.0Gamma10000000000.0mass3.58e-25len5e-05n1vel(0.01, 0, 0, 0, 0)swarmnum4norotFalsenosynTrue.png  used on input line 64.
(pdftex.def)             Requested size: 113.81102pt x 105.88986pt.
<figures/n_compare_nosyn/I10nr101lablength0.001tmax0.1J100000.0Gamma10000000000.0mass3.58e-25len5e-05n2vel(0.01, 0, 0, 0, 0)swarmnum4norotFalsenosynTrue.png, id=374, 311.4837pt x 289.8027pt>
File: figures/n_compare_nosyn/I10nr101lablength0.001tmax0.1J100000.0Gamma10000000000.0mass3.58e-25len5e-05n2vel(0.01, 0, 0, 0, 0)swarmnum4norotFalsenosynTrue.png Graphic file (type png)
<use figures/n_compare_nosyn/I10nr101lablength0.001tmax0.1J100000.0Gamma10000000000.0mass3.58e-25len5e-05n2vel(0.01, 0, 0, 0, 0)swarmnum4norotFalsenosynTrue.png>
Package pdftex.def Info: figures/n_compare_nosyn/I10nr101lablength0.001tmax0.1J100000.0Gamma10000000000.0mass3.58e-25len5e-05n2vel(0.01, 0, 0, 0, 0)swarmnum4norotFalsenosynTrue.png  used on input line 68.
(pdftex.def)             Requested size: 113.81102pt x 105.88986pt.


LaTeX Warning: `h' float specifier changed to `ht'.

<figures/J0/I10nr101lablength0.001tmax0.1J0Gamma10000000000.0mass3.58e-25len5e-05n1vel(0.01, 0, 0, 0, 0)swarmnum4norotFalsenosynFalse.png, id=376, 311.4837pt x 289.8027pt>
File: figures/J0/I10nr101lablength0.001tmax0.1J0Gamma10000000000.0mass3.58e-25len5e-05n1vel(0.01, 0, 0, 0, 0)swarmnum4norotFalsenosynFalse.png Graphic file (type png)
<use figures/J0/I10nr101lablength0.001tmax0.1J0Gamma10000000000.0mass3.58e-25len5e-05n1vel(0.01, 0, 0, 0, 0)swarmnum4norotFalsenosynFalse.png>
Package pdftex.def Info: figures/J0/I10nr101lablength0.001tmax0.1J0Gamma10000000000.0mass3.58e-25len5e-05n1vel(0.01, 0, 0, 0, 0)swarmnum4norotFalsenosynFalse.png  used on input line 90.
(pdftex.def)             Requested size: 113.81102pt x 105.88986pt.
<figures/J0/I10nr101lablength0.001tmax0.1J0Gamma10000000000.0mass3.58e-28len5e-05n1vel(0.01, 0, 0, 0, 0)swarmnum4norotFalsenosynFalse.png, id=377, 311.4837pt x 289.8027pt>
File: figures/J0/I10nr101lablength0.001tmax0.1J0Gamma10000000000.0mass3.58e-28len5e-05n1vel(0.01, 0, 0, 0, 0)swarmnum4norotFalsenosynFalse.png Graphic file (type png)
<use figures/J0/I10nr101lablength0.001tmax0.1J0Gamma10000000000.0mass3.58e-28len5e-05n1vel(0.01, 0, 0, 0, 0)swarmnum4norotFalsenosynFalse.png>
Package pdftex.def Info: figures/J0/I10nr101lablength0.001tmax0.1J0Gamma10000000000.0mass3.58e-28len5e-05n1vel(0.01, 0, 0, 0, 0)swarmnum4norotFalsenosynFalse.png  used on input line 93.
(pdftex.def)             Requested size: 113.81102pt x 105.88986pt.
<figures/J0/I10nr101lablength0.001tmax0.1J0Gamma10000000000.0mass3.58e-29len5e-05n1vel(0.01, 0, 0, 0, 0)swarmnum4norotFalsenosynFalse.png, id=378, 311.4837pt x 289.8027pt>
File: figures/J0/I10nr101lablength0.001tmax0.1J0Gamma10000000000.0mass3.58e-29len5e-05n1vel(0.01, 0, 0, 0, 0)swarmnum4norotFalsenosynFalse.png Graphic file (type png)
<use figures/J0/I10nr101lablength0.001tmax0.1J0Gamma10000000000.0mass3.58e-29len5e-05n1vel(0.01, 0, 0, 0, 0)swarmnum4norotFalsenosynFalse.png>
Package pdftex.def Info: figures/J0/I10nr101lablength0.001tmax0.1J0Gamma10000000000.0mass3.58e-29len5e-05n1vel(0.01, 0, 0, 0, 0)swarmnum4norotFalsenosynFalse.png  used on input line 96.
(pdftex.def)             Requested size: 113.81102pt x 105.88986pt.
[15 <./figures/n_compare/I10nr101lablength0.001tmax0.1J100000.0Gamma10000000000.0mass3.58e-25len5e-05n0vel(0.01, 0, 0, 0, 0)swarmnum4norotFalsenosynFalse.png> <./figures/n_compare/I10nr101lablength0.001tmax0.1J100000.0Gamma10000000000.0mass3.58e-25len5e-05n1vel(0.01, 0, 0, 0, 0)swarmnum4norotFalsenosynFalse.png> <./figures/n_compare/I10nr101lablength0.001tmax0.1J100000.0Gamma10000000000.0mass3.58e-25len5e-05n2vel(0.01, 0, 0, 0, 0)swarmnum4norotFalsenosynFalse.png>]
<figures/J0/I10nr101lablength0.001tmax0.1J0Gamma10000000000.0mass3.58e-25len5e-05n1vel(0.01, 0, 0, 0, 0)swarmnum4norotFalsenosynTrue.png, id=402, 311.4837pt x 289.8027pt>
File: figures/J0/I10nr101lablength0.001tmax0.1J0Gamma10000000000.0mass3.58e-25len5e-05n1vel(0.01, 0, 0, 0, 0)swarmnum4norotFalsenosynTrue.png Graphic file (type png)
<use figures/J0/I10nr101lablength0.001tmax0.1J0Gamma10000000000.0mass3.58e-25len5e-05n1vel(0.01, 0, 0, 0, 0)swarmnum4norotFalsenosynTrue.png>
Package pdftex.def Info: figures/J0/I10nr101lablength0.001tmax0.1J0Gamma10000000000.0mass3.58e-25len5e-05n1vel(0.01, 0, 0, 0, 0)swarmnum4norotFalsenosynTrue.png  used on input line 137.
(pdftex.def)             Requested size: 113.81102pt x 105.88986pt.
<figures/J0/I10nr101lablength0.001tmax0.1J0Gamma10000000000.0mass3.58e-28len5e-05n1vel(0.01, 0, 0, 0, 0)swarmnum4norotFalsenosynTrue.png, id=403, 311.4837pt x 289.8027pt>
File: figures/J0/I10nr101lablength0.001tmax0.1J0Gamma10000000000.0mass3.58e-28len5e-05n1vel(0.01, 0, 0, 0, 0)swarmnum4norotFalsenosynTrue.png Graphic file (type png)
<use figures/J0/I10nr101lablength0.001tmax0.1J0Gamma10000000000.0mass3.58e-28len5e-05n1vel(0.01, 0, 0, 0, 0)swarmnum4norotFalsenosynTrue.png>
Package pdftex.def Info: figures/J0/I10nr101lablength0.001tmax0.1J0Gamma10000000000.0mass3.58e-28len5e-05n1vel(0.01, 0, 0, 0, 0)swarmnum4norotFalsenosynTrue.png  used on input line 142.
(pdftex.def)             Requested size: 113.81102pt x 105.88986pt.
<figures/J0/I10nr101lablength0.001tmax0.1J0Gamma10000000000.0mass3.58e-29len5e-05n1vel(0.01, 0, 0, 0, 0)swarmnum4norotFalsenosynTrue.png, id=404, 311.4837pt x 289.8027pt>
File: figures/J0/I10nr101lablength0.001tmax0.1J0Gamma10000000000.0mass3.58e-29len5e-05n1vel(0.01, 0, 0, 0, 0)swarmnum4norotFalsenosynTrue.png Graphic file (type png)
<use figures/J0/I10nr101lablength0.001tmax0.1J0Gamma10000000000.0mass3.58e-29len5e-05n1vel(0.01, 0, 0, 0, 0)swarmnum4norotFalsenosynTrue.png>
Package pdftex.def Info: figures/J0/I10nr101lablength0.001tmax0.1J0Gamma10000000000.0mass3.58e-29len5e-05n1vel(0.01, 0, 0, 0, 0)swarmnum4norotFalsenosynTrue.png  used on input line 147.
(pdftex.def)             Requested size: 113.81102pt x 105.88986pt.


LaTeX Warning: `h' float specifier changed to `ht'.

<figures/J0/I10nr101lablength0.001tmax0.1J0Gamma10000000000.0mass3.58e-29len5e-05n1vel(0.01, 0, 0, 0, 0)swarmnum4norotFalsenosynNoscalar.png, id=406, 311.4837pt x 289.8027pt>
File: figures/J0/I10nr101lablength0.001tmax0.1J0Gamma10000000000.0mass3.58e-29len5e-05n1vel(0.01, 0, 0, 0, 0)swarmnum4norotFalsenosynNoscalar.png Graphic file (type png)
<use figures/J0/I10nr101lablength0.001tmax0.1J0Gamma10000000000.0mass3.58e-29len5e-05n1vel(0.01, 0, 0, 0, 0)swarmnum4norotFalsenosynNoscalar.png>
Package pdftex.def Info: figures/J0/I10nr101lablength0.001tmax0.1J0Gamma10000000000.0mass3.58e-29len5e-05n1vel(0.01, 0, 0, 0, 0)swarmnum4norotFalsenosynNoscalar.png  used on input line 162.
(pdftex.def)             Requested size: 113.81102pt x 105.88986pt.
<figures/J0/I10nr101lablength0.001tmax0.1J0Gamma10000000000.0mass3.58e-29len5e-05n1vel(0.01, 0, 0, 0, 0)swarmnum4norotFalsenosynNomag.png, id=407, 311.4837pt x 289.8027pt>
File: figures/J0/I10nr101lablength0.001tmax0.1J0Gamma10000000000.0mass3.58e-29len5e-05n1vel(0.01, 0, 0, 0, 0)swarmnum4norotFalsenosynNomag.png Graphic file (type png)
<use figures/J0/I10nr101lablength0.001tmax0.1J0Gamma10000000000.0mass3.58e-29len5e-05n1vel(0.01, 0, 0, 0, 0)swarmnum4norotFalsenosynNomag.png>
Package pdftex.def Info: figures/J0/I10nr101lablength0.001tmax0.1J0Gamma10000000000.0mass3.58e-29len5e-05n1vel(0.01, 0, 0, 0, 0)swarmnum4norotFalsenosynNomag.png  used on input line 167.
(pdftex.def)             Requested size: 113.81102pt x 105.88986pt.

LaTeX Warning: `h' float specifier changed to `ht'.

[16 <./figures/n_compare_nosyn/I10nr101lablength0.001tmax0.1J100000.0Gamma10000000000.0mass3.58e-25len5e-05n0vel(0.01, 0, 0, 0, 0)swarmnum4norotFalsenosynTrue.png> <./figures/n_compare_nosyn/I10nr101lablength0.001tmax0.1J100000.0Gamma10000000000.0mass3.58e-25len5e-05n1vel(0.01, 0, 0, 0, 0)swarmnum4norotFalsenosynTrue.png> <./figures/n_compare_nosyn/I10nr101lablength0.001tmax0.1J100000.0Gamma10000000000.0mass3.58e-25len5e-05n2vel(0.01, 0, 0, 0, 0)swarmnum4norotFalsenosynTrue.png> <./figures/J0/I10nr101lablength0.001tmax0.1J0Gamma10000000000.0mass3.58e-25len5e-05n1vel(0.01, 0, 0, 0, 0)swarmnum4norotFalsenosynFalse.png> <./figures/J0/I10nr101lablength0.001tmax0.1J0Gamma10000000000.0mass3.58e-28len5e-05n1vel(0.01, 0, 0, 0, 0)swarmnum4norotFalsenosynFalse.png> <./figures/J0/I10nr101lablength0.001tmax0.1J0Gamma10000000000.0mass3.58e-29len5e-05n1vel(0.01, 0, 0, 0, 0)swarmnum4norotFalsenosynFalse.png>]
<figures/n1Je2/I10nr101lablength0.001tmax0.1J100.0Gamma10000000000.0mass3.58e-29len5e-05n1vel(0.01, 0, 0, 0, 0)swarmnum4norotFalsenosynFalse.png, id=432, 311.4837pt x 289.8027pt>
File: figures/n1Je2/I10nr101lablength0.001tmax0.1J100.0Gamma10000000000.0mass3.58e-29len5e-05n1vel(0.01, 0, 0, 0, 0)swarmnum4norotFalsenosynFalse.png Graphic file (type png)
<use figures/n1Je2/I10nr101lablength0.001tmax0.1J100.0Gamma10000000000.0mass3.58e-29len5e-05n1vel(0.01, 0, 0, 0, 0)swarmnum4norotFalsenosynFalse.png>
Package pdftex.def Info: figures/n1Je2/I10nr101lablength0.001tmax0.1J100.0Gamma10000000000.0mass3.58e-29len5e-05n1vel(0.01, 0, 0, 0, 0)swarmnum4norotFalsenosynFalse.png  used on input line 195.
(pdftex.def)             Requested size: 113.81102pt x 105.88986pt.
<figures/n1Je2/I10nr101lablength0.001tmax0.1J100.0Gamma10000000000.0mass3.58e-29len5e-05n1vel(0.01, 0, 0, 0, 0)swarmnum4norotFalsenosynTrue.png, id=433, 311.4837pt x 289.8027pt>
File: figures/n1Je2/I10nr101lablength0.001tmax0.1J100.0Gamma10000000000.0mass3.58e-29len5e-05n1vel(0.01, 0, 0, 0, 0)swarmnum4norotFalsenosynTrue.png Graphic file (type png)
<use figures/n1Je2/I10nr101lablength0.001tmax0.1J100.0Gamma10000000000.0mass3.58e-29len5e-05n1vel(0.01, 0, 0, 0, 0)swarmnum4norotFalsenosynTrue.png>
Package pdftex.def Info: figures/n1Je2/I10nr101lablength0.001tmax0.1J100.0Gamma10000000000.0mass3.58e-29len5e-05n1vel(0.01, 0, 0, 0, 0)swarmnum4norotFalsenosynTrue.png  used on input line 200.
(pdftex.def)             Requested size: 113.81102pt x 105.88986pt.
 [17 <./figures/J0/I10nr101lablength0.001tmax0.1J0Gamma10000000000.0mass3.58e-25len5e-05n1vel(0.01, 0, 0, 0, 0)swarmnum4norotFalsenosynTrue.png> <./figures/J0/I10nr101lablength0.001tmax0.1J0Gamma10000000000.0mass3.58e-28len5e-05n1vel(0.01, 0, 0, 0, 0)swarmnum4norotFalsenosynTrue.png> <./figures/J0/I10nr101lablength0.001tmax0.1J0Gamma10000000000.0mass3.58e-29len5e-05n1vel(0.01, 0, 0, 0, 0)swarmnum4norotFalsenosynTrue.png> <./figures/J0/I10nr101lablength0.001tmax0.1J0Gamma10000000000.0mass3.58e-29len5e-05n1vel(0.01, 0, 0, 0, 0)swarmnum4norotFalsenosynNoscalar.png> <./figures/J0/I10nr101lablength0.001tmax0.1J0Gamma10000000000.0mass3.58e-29len5e-05n1vel(0.01, 0, 0, 0, 0)swarmnum4norotFalsenosynNomag.png> <./figures/n1Je2/I10nr101lablength0.001tmax0.1J100.0Gamma10000000000.0mass3.58e-29len5e-05n1vel(0.01, 0, 0, 0, 0)swarmnum4norotFalsenosynFalse.png> <./figures/n1Je2/I10nr101lablength0.001tmax0.1J100.0Gamma10000000000.0mass3.58e-29len5e-05n1vel(0.01, 0, 0, 0, 0)swarmnum4norotFalsenosynTrue.png>]
<figures/n2m-25/(0,2)-comp1.png, id=454, 678.6153pt x 714.0276pt>
File: figures/n2m-25/(0,2)-comp1.png Graphic file (type png)
<use figures/n2m-25/(0,2)-comp1.png>
Package pdftex.def Info: figures/n2m-25/(0,2)-comp1.png  used on input line 229.
(pdftex.def)             Requested size: 199.16928pt x 209.5577pt.
<figures/n2m-25/(0,2)-comp2.png, id=455, 678.6153pt x 714.0276pt>
File: figures/n2m-25/(0,2)-comp2.png Graphic file (type png)
<use figures/n2m-25/(0,2)-comp2.png>
Package pdftex.def Info: figures/n2m-25/(0,2)-comp2.png  used on input line 232.
(pdftex.def)             Requested size: 199.16928pt x 209.5577pt.
<figures/n2m-27/(1,1)-comp1.png, id=459, 678.6153pt x 714.0276pt>
File: figures/n2m-27/(1,1)-comp1.png Graphic file (type png)
<use figures/n2m-27/(1,1)-comp1.png>
Package pdftex.def Info: figures/n2m-27/(1,1)-comp1.png  used on input line 254.
(pdftex.def)             Requested size: 199.16928pt x 209.5577pt.
<figures/n2m-27/(1,1)-comp2.png, id=460, 678.6153pt x 714.0276pt>
File: figures/n2m-27/(1,1)-comp2.png Graphic file (type png)
<use figures/n2m-27/(1,1)-comp2.png>
Package pdftex.def Info: figures/n2m-27/(1,1)-comp2.png  used on input line 257.
(pdftex.def)             Requested size: 199.16928pt x 209.5577pt.


LaTeX Warning: `h' float specifier changed to `ht'.

[18 <./figures/n2m-25/(0,2)-comp1.png> <./figures/n2m-25/(0,2)-comp2.png>]
<figures/n2m-27/(1,1)-comp3.png, id=477, 678.6153pt x 714.0276pt>
File: figures/n2m-27/(1,1)-comp3.png Graphic file (type png)
<use figures/n2m-27/(1,1)-comp3.png>
Package pdftex.def Info: figures/n2m-27/(1,1)-comp3.png  used on input line 282.
(pdftex.def)             Requested size: 199.16928pt x 209.5577pt.
<figures/n2m-27/(1,1)-comp4.png, id=478, 678.6153pt x 714.0276pt>
File: figures/n2m-27/(1,1)-comp4.png Graphic file (type png)
<use figures/n2m-27/(1,1)-comp4.png>
Package pdftex.def Info: figures/n2m-27/(1,1)-comp4.png  used on input line 285.
(pdftex.def)             Requested size: 199.16928pt x 209.5577pt.
<figures/n2m-27/(1,1)-comp5.png, id=479, 678.6153pt x 714.0276pt>
File: figures/n2m-27/(1,1)-comp5.png Graphic file (type png)
<use figures/n2m-27/(1,1)-comp5.png>
Package pdftex.def Info: figures/n2m-27/(1,1)-comp5.png  used on input line 288.
(pdftex.def)             Requested size: 199.16928pt x 209.5577pt.
<figures/n2m-27/(1,1)-comp6.png, id=480, 678.6153pt x 714.0276pt>
File: figures/n2m-27/(1,1)-comp6.png Graphic file (type png)
<use figures/n2m-27/(1,1)-comp6.png>
Package pdftex.def Info: figures/n2m-27/(1,1)-comp6.png  used on input line 291.
(pdftex.def)             Requested size: 199.16928pt x 209.5577pt.


LaTeX Warning: `h' float specifier changed to `ht'.

) (./discussion.tex [19 <./figures/n2m-27/(1,1)-comp1.png> <./figures/n2m-27/(1,1)-comp2.png>] [20 <./figures/n2m-27/(1,1)-comp3.png> <./figures/n2m-27/(1,1)-comp4.png> <./figures/n2m-27/(1,1)-comp5.png> <./figures/n2m-27/(1,1)-comp6.png>] [21

]) (./conclusions.tex [22]) [23] [24] (./appendix.tex
Package hyperref Info: bookmark level for unknown lstlisting defaults to 0 on input line 14.
 (../scripts/magfield.py [25] [26] [27] [28]) (../scripts/synfieldtools.py [29] [30] [31] [32] [33] [34] [35] [36] [37] [38] [39]) (../scripts/synfieldsolver.py [40] [41] [42])) [43] (./main.aux)

LaTeX Warning: There were undefined references.

Package rerunfilecheck Info: File `main.out' has not changed.
(rerunfilecheck)             Checksum: 0D65A369D8ECB8F531A0D59297121C72;4833.

Package biblatex Warning: Please (re)run BibTeX on the file(s):
(biblatex)                main
(biblatex)                and rerun LaTeX afterwards.

Package logreq Info: Writing requests to 'main.run.xml'.
\openout1 = `main.run.xml'.

 ) 
Here is how much of TeX's memory you used:
 38216 strings out of 478276
 732352 string characters out of 5853013
 1845773 words of memory out of 5000000
 54722 multiletter control sequences out of 15000+600000
 488905 words of font info for 77 fonts, out of 8000000 for 9000
 1141 hyphenation exceptions out of 8191
 85i,20n,133p,1839b,2262s stack positions out of 5000i,500n,10000p,200000b,80000s
{/usr/share/texmf-dist/fonts/enc/dvips/cm-super/cm-super-ts1.enc}{/usr/share/texmf-dist/fonts/enc/dvips/cm-super/cm-super-t1.enc}</usr/share/texmf-dist/fonts/type1/public/dsserif/DSSerif.pfb></usr/share/texmf-dist/fonts/type1/public/amsfonts/cm/cmbsy10.pfb></usr/share/texmf-dist/fonts/type1/public/amsfonts/cm/cmex10.pfb></usr/share/texmf-dist/fonts/type1/public/amsfonts/cmextra/cmex7.pfb></usr/share/texmf-dist/fonts/type1/public/amsfonts/cm/cmmi10.pfb></usr/share/texmf-dist/fonts/type1/public/amsfonts/cm/cmmi5.pfb></usr/share/texmf-dist/fonts/type1/public/amsfonts/cm/cmmi7.pfb></usr/share/texmf-dist/fonts/type1/public/amsfonts/cm/cmmi8.pfb></usr/share/texmf-dist/fonts/type1/public/amsfonts/cm/cmr10.pfb></usr/share/texmf-dist/fonts/type1/public/amsfonts/cm/cmr5.pfb></usr/share/texmf-dist/fonts/type1/public/amsfonts/cm/cmr6.pfb></usr/share/texmf-dist/fonts/type1/public/amsfonts/cm/cmr7.pfb></usr/share/texmf-dist/fonts/type1/public/amsfonts/cm/cmr8.pfb></usr/share/texmf-dist/fonts/type1/public/amsfonts/cm/cmsy10.pfb></usr/share/texmf-dist/fonts/type1/public/amsfonts/cm/cmsy5.pfb></usr/share/texmf-dist/fonts/type1/public/amsfonts/cm/cmsy6.pfb></usr/share/texmf-dist/fonts/type1/public/amsfonts/cm/cmsy7.pfb></usr/share/texmf-dist/fonts/type1/public/amsfonts/cm/cmsy8.pfb></usr/share/texmf-dist/fonts/type1/public/amsfonts/symbols/msbm10.pfb></usr/share/texmf-dist/fonts/type1/public/amsfonts/symbols/msbm5.pfb></usr/share/texmf-dist/fonts/type1/public/amsfonts/symbols/msbm7.pfb></usr/share/texmf-dist/fonts/type1/public/cm-super/sfbx0900.pfb></usr/share/texmf-dist/fonts/type1/public/cm-super/sfbx1000.pfb></usr/share/texmf-dist/fonts/type1/public/cm-super/sfbx1200.pfb></usr/share/texmf-dist/fonts/type1/public/cm-super/sfbx1440.pfb></usr/share/texmf-dist/fonts/type1/public/cm-super/sfrm0700.pfb></usr/share/texmf-dist/fonts/type1/public/cm-super/sfrm0800.pfb></usr/share/texmf-dist/fonts/type1/public/cm-super/sfrm0900.pfb></usr/share/texmf-dist/fonts/type1/public/cm-super/sfrm10
00.pfb></usr/share/texmf-dist/fonts/type1/public/cm-super/sfrm1440.pfb></usr/share/texmf-dist/fonts/type1/public/cm-super/sfrm2488.pfb></usr/share/texmf-dist/fonts/type1/public/cm-super/sfsl1440.pfb></usr/share/texmf-dist/fonts/type1/public/cm-super/sfti1000.pfb>
Output written on main.pdf (44 pages, 2975353 bytes).
PDF statistics:
 1874 PDF objects out of 2073 (max. 8388607)
 1691 compressed objects within 17 object streams
 1032 named destinations out of 1200 (max. 500000)
 407 words of extra memory for PDF output out of 10000 (max. 10000000)

